main> [2017-12-29 10:30:55] [ClassPathXmlApplicationContext] [514] [INFO] Refreshing org.springframework.context.support.ClassPathXmlApplicationContext@1198b989: startup date [Fri Dec 29 10:30:55 KST 2017]; root of context hierarchy 
main> [2017-12-29 10:30:55] [XmlBeanDefinitionReader] [317] [INFO] Loading XML bean definitions from class path resource [aop.xml] 
main> [2017-12-29 10:30:56] [AutowiredAnnotationBeanPostProcessor] [153] [INFO] JSR-330 'javax.inject.Inject' annotation found and supported for autowiring 
main> [2017-12-29 10:30:56] [ClassPathXmlApplicationContext] [488] [WARN] Exception encountered during context initialization - cancelling refresh attempt: org.springframework.beans.factory.BeanCreationException: Error creating bean with name 'mvcContentNegotiationManager': BeanPostProcessor before instantiation of bean failed; nested exception is org.springframework.beans.factory.BeanCreationException: Error creating bean with name 'org.springframework.aop.aspectj.AspectJPointcutAdvisor#0': Cannot create inner bean '(inner bean)#3a4621bd' of type [org.springframework.aop.aspectj.AspectJAfterAdvice] while setting constructor argument; nested exception is org.springframework.beans.factory.BeanCreationException: Error creating bean with name '(inner bean)#3a4621bd': Cannot create inner bean '(inner bean)#19835e64' of type [org.springframework.aop.config.MethodLocatingFactoryBean] while setting constructor argument; nested exception is org.springframework.beans.factory.BeanCreationException: Error creating bean with name '(inner bean)#19835e64': Initialization of bean failed; nested exception is org.springframework.beans.factory.NoSuchBeanDefinitionException: No bean named 'myFirstAOP' is defined 
main> [2017-12-29 10:33:23] [ClassPathXmlApplicationContext] [514] [INFO] Refreshing org.springframework.context.support.ClassPathXmlApplicationContext@1198b989: startup date [Fri Dec 29 10:33:23 KST 2017]; root of context hierarchy 
main> [2017-12-29 10:33:23] [XmlBeanDefinitionReader] [317] [INFO] Loading XML bean definitions from class path resource [aop.xml] 
main> [2017-12-29 10:33:24] [AutowiredAnnotationBeanPostProcessor] [153] [INFO] JSR-330 'javax.inject.Inject' annotation found and supported for autowiring 
main> [2017-12-29 10:33:24] [ClassPathXmlApplicationContext] [488] [WARN] Exception encountered during context initialization - cancelling refresh attempt: org.springframework.beans.factory.BeanCreationException: Error creating bean with name 'mvcContentNegotiationManager': BeanPostProcessor before instantiation of bean failed; nested exception is org.springframework.beans.factory.BeanCreationException: Error creating bean with name 'org.springframework.aop.aspectj.AspectJPointcutAdvisor#0': Cannot create inner bean '(inner bean)#3a4621bd' of type [org.springframework.aop.aspectj.AspectJAfterAdvice] while setting constructor argument; nested exception is org.springframework.beans.factory.BeanCreationException: Error creating bean with name '(inner bean)#3a4621bd': Cannot create inner bean '(inner bean)#19835e64' of type [org.springframework.aop.config.MethodLocatingFactoryBean] while setting constructor argument; nested exception is org.springframework.beans.factory.BeanCreationException: Error creating bean with name '(inner bean)#19835e64': Initialization of bean failed; nested exception is org.springframework.beans.factory.NoSuchBeanDefinitionException: No bean named 'myFirstAOP' is defined 
main> [2017-12-29 10:36:01] [ClassPathXmlApplicationContext] [514] [INFO] Refreshing org.springframework.context.support.ClassPathXmlApplicationContext@1198b989: startup date [Fri Dec 29 10:36:01 KST 2017]; root of context hierarchy 
main> [2017-12-29 10:36:01] [XmlBeanDefinitionReader] [317] [INFO] Loading XML bean definitions from class path resource [aop.xml] 
main> [2017-12-29 10:36:01] [AutowiredAnnotationBeanPostProcessor] [153] [INFO] JSR-330 'javax.inject.Inject' annotation found and supported for autowiring 
main> [2017-12-29 10:36:01] [ClassPathXmlApplicationContext] [488] [WARN] Exception encountered during context initialization - cancelling refresh attempt: org.springframework.beans.factory.BeanCreationException: Error creating bean with name 'mvcContentNegotiationManager': BeanPostProcessor before instantiation of bean failed; nested exception is org.springframework.beans.factory.BeanCreationException: Error creating bean with name 'org.springframework.aop.aspectj.AspectJPointcutAdvisor#0': Cannot create inner bean '(inner bean)#6ed3f258' of type [org.springframework.aop.aspectj.AspectJAfterAdvice] while setting constructor argument; nested exception is org.springframework.beans.factory.BeanCreationException: Error creating bean with name '(inner bean)#6ed3f258': Cannot create inner bean '(inner bean)#39655d3e' of type [org.springframework.aop.config.MethodLocatingFactoryBean] while setting constructor argument; nested exception is org.springframework.beans.factory.BeanCreationException: Error creating bean with name '(inner bean)#39655d3e': Initialization of bean failed; nested exception is org.springframework.beans.factory.NoSuchBeanDefinitionException: No bean named 'myFirstAOP' is defined 
main> [2017-12-29 10:37:24] [ClassPathXmlApplicationContext] [514] [INFO] Refreshing org.springframework.context.support.ClassPathXmlApplicationContext@1198b989: startup date [Fri Dec 29 10:37:24 KST 2017]; root of context hierarchy 
main> [2017-12-29 10:37:24] [XmlBeanDefinitionReader] [317] [INFO] Loading XML bean definitions from class path resource [aop.xml] 
main> [2017-12-29 10:37:24] [AutowiredAnnotationBeanPostProcessor] [153] [INFO] JSR-330 'javax.inject.Inject' annotation found and supported for autowiring 
main> [2017-12-29 10:37:24] [ClassPathXmlApplicationContext] [488] [WARN] Exception encountered during context initialization - cancelling refresh attempt: org.springframework.beans.factory.BeanCreationException: Error creating bean with name 'mvcContentNegotiationManager': BeanPostProcessor before instantiation of bean failed; nested exception is org.springframework.beans.factory.BeanCreationException: Error creating bean with name 'org.springframework.aop.aspectj.AspectJPointcutAdvisor#0': Cannot create inner bean '(inner bean)#6ed3f258' of type [org.springframework.aop.aspectj.AspectJAfterAdvice] while setting constructor argument; nested exception is org.springframework.beans.factory.BeanCreationException: Error creating bean with name '(inner bean)#6ed3f258': Cannot create inner bean '(inner bean)#39655d3e' of type [org.springframework.aop.config.MethodLocatingFactoryBean] while setting constructor argument; nested exception is org.springframework.beans.factory.BeanCreationException: Error creating bean with name '(inner bean)#39655d3e': Initialization of bean failed; nested exception is org.springframework.beans.factory.NoSuchBeanDefinitionException: No bean named 'myFirstAOP' is defined 
main> [2017-12-29 10:40:53] [ClassPathXmlApplicationContext] [514] [INFO] Refreshing org.springframework.context.support.ClassPathXmlApplicationContext@1198b989: startup date [Fri Dec 29 10:40:53 KST 2017]; root of context hierarchy 
main> [2017-12-29 10:40:53] [XmlBeanDefinitionReader] [317] [INFO] Loading XML bean definitions from class path resource [aop.xml] 
main> [2017-12-29 10:40:53] [AutowiredAnnotationBeanPostProcessor] [153] [INFO] JSR-330 'javax.inject.Inject' annotation found and supported for autowiring 
main> [2017-12-29 10:40:53] [ClassPathXmlApplicationContext] [488] [WARN] Exception encountered during context initialization - cancelling refresh attempt: org.springframework.beans.factory.BeanCreationException: Error creating bean with name 'mvcContentNegotiationManager': BeanPostProcessor before instantiation of bean failed; nested exception is org.springframework.beans.factory.BeanCreationException: Error creating bean with name 'org.springframework.aop.aspectj.AspectJPointcutAdvisor#0': Cannot create inner bean '(inner bean)#3a4621bd' of type [org.springframework.aop.aspectj.AspectJAfterAdvice] while setting constructor argument; nested exception is org.springframework.beans.factory.BeanCreationException: Error creating bean with name '(inner bean)#3a4621bd': Cannot create inner bean '(inner bean)#19835e64' of type [org.springframework.aop.config.MethodLocatingFactoryBean] while setting constructor argument; nested exception is org.springframework.beans.factory.BeanCreationException: Error creating bean with name '(inner bean)#19835e64': Initialization of bean failed; nested exception is org.springframework.beans.factory.NoSuchBeanDefinitionException: No bean named 'myFirstAOP' is defined 
main> [2017-12-29 10:42:06] [ClassPathXmlApplicationContext] [514] [INFO] Refreshing org.springframework.context.support.ClassPathXmlApplicationContext@69930714: startup date [Fri Dec 29 10:42:06 KST 2017]; root of context hierarchy 
main> [2017-12-29 10:42:06] [XmlBeanDefinitionReader] [317] [INFO] Loading XML bean definitions from class path resource [aop.xml] 
main> [2017-12-29 10:42:07] [AutowiredAnnotationBeanPostProcessor] [153] [INFO] JSR-330 'javax.inject.Inject' annotation found and supported for autowiring 
main> [2017-12-29 10:42:07] [RequestMappingHandlerAdapter] [517] [INFO] Looking for @ControllerAdvice: org.springframework.context.support.ClassPathXmlApplicationContext@69930714: startup date [Fri Dec 29 10:42:06 KST 2017]; root of context hierarchy 
main> [2017-12-29 10:42:07] [RequestMappingHandlerAdapter] [517] [INFO] Looking for @ControllerAdvice: org.springframework.context.support.ClassPathXmlApplicationContext@69930714: startup date [Fri Dec 29 10:42:06 KST 2017]; root of context hierarchy 
main> [2017-12-29 10:42:07] [AspectJAwareAdvisorAutoProxyCreator] [505] [DEBUG] Creating implicit proxy for bean 'svrprod' with 0 common interceptors and 6 specific interceptors 
main> [2017-12-29 10:42:07] [JdkDynamicAopProxy] [117] [DEBUG] Creating JDK dynamic proxy: target source is SingletonTargetSource for target object [service.ServiceProduct@53bc1328] 
main> [2017-12-29 10:42:07] [FirstAspect] [45] [DEBUG] around ---> 메서드 호출 전 
main> [2017-12-29 10:42:07] [FirstAspect] [46] [DEBUG] around ---> 메서드 호출 전 
main> [2017-12-29 10:42:07] [FirstAspect] [47] [DEBUG] around ---> 메서드 호출 전 
main> [2017-12-29 10:42:07] [FirstAspect] [17] [DEBUG] before ---> 메서드 호출되기 전 
main> [2017-12-29 10:42:07] [FirstAspect] [20] [DEBUG] before ---> 호출되는 메서드는getProduct 
main> [2017-12-29 10:42:07] [FirstAspect] [21] [DEBUG] before ---> 매개변수는[Ljava.lang.Object;@54336c81 
main> [2017-12-29 10:42:07] [DaoProduct] [18] [DEBUG] ############### getProduct ############### 
main> [2017-12-29 10:42:07] [DaoProduct] [19] [DEBUG] ModelProduct [name=bbb, price=1000] 
main> [2017-12-29 10:42:07] [DaoProduct] [20] [DEBUG] ############### getProduct ############### 
main> [2017-12-29 10:42:07] [FirstAspect] [27] [DEBUG] affter ---> 메서드 호출 후 
main> [2017-12-29 10:42:07] [FirstAspect] [28] [DEBUG] affter ---> 메서드 호출 후 
main> [2017-12-29 10:42:07] [FirstAspect] [29] [DEBUG] affter ---> 메서드 호출 후 
main> [2017-12-29 10:42:07] [FirstAspect] [37] [DEBUG] afterReturning ---> 메서드 호출 후 
main> [2017-12-29 10:42:07] [FirstAspect] [38] [DEBUG] afterReturning ---> 호출되는 메서드는getProduct 
main> [2017-12-29 10:42:07] [FirstAspect] [39] [DEBUG] afterReturning ---> 매개변수는 [Ljava.lang.Object;@54336c81 
main> [2017-12-29 10:42:07] [FirstAspect] [51] [DEBUG] around ---> 메서드 호출 후 
main> [2017-12-29 10:42:07] [FirstAspect] [52] [DEBUG] around ---> 메서드 호출 후 
main> [2017-12-29 10:42:07] [FirstAspect] [53] [DEBUG] around ---> 메서드 호출 후 
main> [2017-12-29 10:42:53] [ClassPathXmlApplicationContext] [514] [INFO] Refreshing org.springframework.context.support.ClassPathXmlApplicationContext@69930714: startup date [Fri Dec 29 10:42:53 KST 2017]; root of context hierarchy 
main> [2017-12-29 10:42:53] [XmlBeanDefinitionReader] [317] [INFO] Loading XML bean definitions from class path resource [aop.xml] 
main> [2017-12-29 10:42:53] [AutowiredAnnotationBeanPostProcessor] [153] [INFO] JSR-330 'javax.inject.Inject' annotation found and supported for autowiring 
main> [2017-12-29 10:42:54] [RequestMappingHandlerAdapter] [517] [INFO] Looking for @ControllerAdvice: org.springframework.context.support.ClassPathXmlApplicationContext@69930714: startup date [Fri Dec 29 10:42:53 KST 2017]; root of context hierarchy 
main> [2017-12-29 10:42:54] [RequestMappingHandlerAdapter] [517] [INFO] Looking for @ControllerAdvice: org.springframework.context.support.ClassPathXmlApplicationContext@69930714: startup date [Fri Dec 29 10:42:53 KST 2017]; root of context hierarchy 
main> [2017-12-29 10:42:54] [AspectJAwareAdvisorAutoProxyCreator] [505] [DEBUG] Creating implicit proxy for bean 'svrprod' with 0 common interceptors and 6 specific interceptors 
main> [2017-12-29 10:42:54] [JdkDynamicAopProxy] [117] [DEBUG] Creating JDK dynamic proxy: target source is SingletonTargetSource for target object [service.ServiceProduct@53bc1328] 
main> [2017-12-29 10:42:54] [FirstAspect] [45] [DEBUG] around ---> 메서드 호출 전 
main> [2017-12-29 10:42:54] [FirstAspect] [46] [DEBUG] around ---> 메서드 호출 전 
main> [2017-12-29 10:42:54] [FirstAspect] [47] [DEBUG] around ---> 메서드 호출 전 
main> [2017-12-29 10:42:54] [FirstAspect] [17] [DEBUG] before ---> 메서드 호출되기 전 
main> [2017-12-29 10:42:54] [FirstAspect] [20] [DEBUG] before ---> 호출되는 메서드는getProduct 
main> [2017-12-29 10:42:54] [FirstAspect] [21] [DEBUG] before ---> 매개변수는[Ljava.lang.Object;@54336c81 
main> [2017-12-29 10:42:54] [DaoProduct] [18] [DEBUG] ############### getProduct ############### 
main> [2017-12-29 10:42:54] [DaoProduct] [19] [DEBUG] ModelProduct [name=bbb, price=1000] 
main> [2017-12-29 10:42:54] [DaoProduct] [20] [DEBUG] ############### getProduct ############### 
main> [2017-12-29 10:42:54] [FirstAspect] [27] [DEBUG] affter ---> 메서드 호출 후 
main> [2017-12-29 10:42:54] [FirstAspect] [28] [DEBUG] affter ---> 메서드 호출 후 
main> [2017-12-29 10:42:54] [FirstAspect] [29] [DEBUG] affter ---> 메서드 호출 후 
main> [2017-12-29 10:42:54] [FirstAspect] [37] [DEBUG] afterReturning ---> 메서드 호출 후 
main> [2017-12-29 10:42:54] [FirstAspect] [38] [DEBUG] afterReturning ---> 호출되는 메서드는getProduct 
main> [2017-12-29 10:42:54] [FirstAspect] [39] [DEBUG] afterReturning ---> 매개변수는 [Ljava.lang.Object;@54336c81 
main> [2017-12-29 10:42:54] [FirstAspect] [51] [DEBUG] around ---> 메서드 호출 후 
main> [2017-12-29 10:42:54] [FirstAspect] [52] [DEBUG] around ---> 메서드 호출 후 
main> [2017-12-29 10:42:54] [FirstAspect] [53] [DEBUG] around ---> 메서드 호출 후 
main> [2017-12-29 10:44:08] [ClassPathXmlApplicationContext] [514] [INFO] Refreshing org.springframework.context.support.ClassPathXmlApplicationContext@69930714: startup date [Fri Dec 29 10:44:08 KST 2017]; root of context hierarchy 
main> [2017-12-29 10:44:08] [XmlBeanDefinitionReader] [317] [INFO] Loading XML bean definitions from class path resource [aop.xml] 
main> [2017-12-29 10:44:08] [AutowiredAnnotationBeanPostProcessor] [153] [INFO] JSR-330 'javax.inject.Inject' annotation found and supported for autowiring 
main> [2017-12-29 10:44:09] [RequestMappingHandlerAdapter] [517] [INFO] Looking for @ControllerAdvice: org.springframework.context.support.ClassPathXmlApplicationContext@69930714: startup date [Fri Dec 29 10:44:08 KST 2017]; root of context hierarchy 
main> [2017-12-29 10:44:09] [RequestMappingHandlerAdapter] [517] [INFO] Looking for @ControllerAdvice: org.springframework.context.support.ClassPathXmlApplicationContext@69930714: startup date [Fri Dec 29 10:44:08 KST 2017]; root of context hierarchy 
main> [2017-12-29 10:44:09] [AspectJAwareAdvisorAutoProxyCreator] [505] [DEBUG] Creating implicit proxy for bean 'svrprod' with 0 common interceptors and 6 specific interceptors 
main> [2017-12-29 10:44:09] [JdkDynamicAopProxy] [117] [DEBUG] Creating JDK dynamic proxy: target source is SingletonTargetSource for target object [service.ServiceProduct@53bc1328] 
main> [2017-12-29 10:44:09] [FirstAspect] [45] [DEBUG] around ---> 메서드 호출 전 
main> [2017-12-29 10:44:09] [FirstAspect] [46] [DEBUG] around ---> 메서드 호출 전 
main> [2017-12-29 10:44:09] [FirstAspect] [47] [DEBUG] around ---> 메서드 호출 전 
main> [2017-12-29 10:44:09] [FirstAspect] [17] [DEBUG] before ---> 메서드 호출되기 전 
main> [2017-12-29 10:44:09] [FirstAspect] [20] [DEBUG] before ---> 호출되는 메서드는getProduct 
main> [2017-12-29 10:44:09] [FirstAspect] [21] [DEBUG] before ---> 매개변수는[Ljava.lang.Object;@54336c81 
main> [2017-12-29 10:44:09] [DaoProduct] [18] [DEBUG] ############### getProduct ############### 
main> [2017-12-29 10:44:09] [DaoProduct] [19] [DEBUG] ModelProduct [name=bbb, price=1000] 
main> [2017-12-29 10:44:09] [DaoProduct] [20] [DEBUG] ############### getProduct ############### 
main> [2017-12-29 10:44:09] [FirstAspect] [27] [DEBUG] affter ---> 메서드 호출 후 
main> [2017-12-29 10:44:09] [FirstAspect] [28] [DEBUG] affter ---> 메서드 호출 후 
main> [2017-12-29 10:44:09] [FirstAspect] [29] [DEBUG] affter ---> 메서드 호출 후 
main> [2017-12-29 10:44:09] [FirstAspect] [37] [DEBUG] afterReturning ---> 메서드 호출 후 
main> [2017-12-29 10:44:09] [FirstAspect] [38] [DEBUG] afterReturning ---> 호출되는 메서드는 getProduct 
main> [2017-12-29 10:44:09] [FirstAspect] [39] [DEBUG] afterReturning ---> 매개변수는 [Ljava.lang.Object;@54336c81 
main> [2017-12-29 10:44:09] [FirstAspect] [51] [DEBUG] around ---> 메서드 호출 후 
main> [2017-12-29 10:44:09] [FirstAspect] [52] [DEBUG] around ---> 메서드 호출 후 
main> [2017-12-29 10:44:09] [FirstAspect] [53] [DEBUG] around ---> 메서드 호출 후 
main> [2017-12-29 10:45:13] [ClassPathXmlApplicationContext] [514] [INFO] Refreshing org.springframework.context.support.ClassPathXmlApplicationContext@69930714: startup date [Fri Dec 29 10:45:13 KST 2017]; root of context hierarchy 
main> [2017-12-29 10:45:13] [XmlBeanDefinitionReader] [317] [INFO] Loading XML bean definitions from class path resource [aop.xml] 
main> [2017-12-29 10:45:13] [AutowiredAnnotationBeanPostProcessor] [153] [INFO] JSR-330 'javax.inject.Inject' annotation found and supported for autowiring 
main> [2017-12-29 10:45:14] [RequestMappingHandlerAdapter] [517] [INFO] Looking for @ControllerAdvice: org.springframework.context.support.ClassPathXmlApplicationContext@69930714: startup date [Fri Dec 29 10:45:13 KST 2017]; root of context hierarchy 
main> [2017-12-29 10:45:14] [RequestMappingHandlerAdapter] [517] [INFO] Looking for @ControllerAdvice: org.springframework.context.support.ClassPathXmlApplicationContext@69930714: startup date [Fri Dec 29 10:45:13 KST 2017]; root of context hierarchy 
main> [2017-12-29 10:45:14] [AspectJAwareAdvisorAutoProxyCreator] [505] [DEBUG] Creating implicit proxy for bean 'svrprod' with 0 common interceptors and 6 specific interceptors 
main> [2017-12-29 10:45:14] [JdkDynamicAopProxy] [117] [DEBUG] Creating JDK dynamic proxy: target source is SingletonTargetSource for target object [service.ServiceProduct@53bc1328] 
main> [2017-12-29 10:45:14] [FirstAspect] [45] [DEBUG] around ---> 메서드 호출 전 
main> [2017-12-29 10:45:14] [FirstAspect] [46] [DEBUG] around ---> 메서드 호출 전 
main> [2017-12-29 10:45:14] [FirstAspect] [47] [DEBUG] around ---> 메서드 호출 전 
main> [2017-12-29 10:45:14] [FirstAspect] [17] [DEBUG] before ---> 메서드 호출되기 전 
main> [2017-12-29 10:45:14] [FirstAspect] [20] [DEBUG] before ---> 호출되는 메서드는 getProduct 
main> [2017-12-29 10:45:14] [FirstAspect] [21] [DEBUG] before ---> 매개변수는[Ljava.lang.Object;@54336c81 
main> [2017-12-29 10:45:14] [DaoProduct] [18] [DEBUG] ############### getProduct ############### 
main> [2017-12-29 10:45:14] [DaoProduct] [19] [DEBUG] ModelProduct [name=bbb, price=1000] 
main> [2017-12-29 10:45:14] [DaoProduct] [20] [DEBUG] ############### getProduct ############### 
main> [2017-12-29 10:45:14] [FirstAspect] [27] [DEBUG] affter ---> 메서드 호출 후 
main> [2017-12-29 10:45:14] [FirstAspect] [28] [DEBUG] affter ---> 메서드 호출 후 
main> [2017-12-29 10:45:14] [FirstAspect] [29] [DEBUG] affter ---> 메서드 호출 후 
main> [2017-12-29 10:45:14] [FirstAspect] [37] [DEBUG] afterReturning ---> 메서드 호출 후 
main> [2017-12-29 10:45:14] [FirstAspect] [38] [DEBUG] afterReturning ---> 호출되는 메서드는 getProduct 
main> [2017-12-29 10:45:14] [FirstAspect] [39] [DEBUG] afterReturning ---> 매개변수는 [Ljava.lang.Object;@54336c81 
main> [2017-12-29 10:45:14] [FirstAspect] [51] [DEBUG] around ---> 메서드 호출 후 
main> [2017-12-29 10:45:14] [FirstAspect] [52] [DEBUG] around ---> 메서드 호출 후 
main> [2017-12-29 10:45:14] [FirstAspect] [53] [DEBUG] around ---> 메서드 호출 후 
main> [2017-12-29 11:11:35] [ClassPathXmlApplicationContext] [514] [INFO] Refreshing org.springframework.context.support.ClassPathXmlApplicationContext@1198b989: startup date [Fri Dec 29 11:11:35 KST 2017]; root of context hierarchy 
main> [2017-12-29 11:11:36] [XmlBeanDefinitionReader] [317] [INFO] Loading XML bean definitions from class path resource [aop.xml] 
main> [2017-12-29 11:11:36] [AutowiredAnnotationBeanPostProcessor] [153] [INFO] JSR-330 'javax.inject.Inject' annotation found and supported for autowiring 
main> [2017-12-29 11:11:36] [RequestMappingHandlerAdapter] [517] [INFO] Looking for @ControllerAdvice: org.springframework.context.support.ClassPathXmlApplicationContext@1198b989: startup date [Fri Dec 29 11:11:35 KST 2017]; root of context hierarchy 
main> [2017-12-29 11:11:36] [RequestMappingHandlerAdapter] [517] [INFO] Looking for @ControllerAdvice: org.springframework.context.support.ClassPathXmlApplicationContext@1198b989: startup date [Fri Dec 29 11:11:35 KST 2017]; root of context hierarchy 
main> [2017-12-29 11:11:36] [AspectJAwareAdvisorAutoProxyCreator] [505] [DEBUG] Creating implicit proxy for bean 'svrprod' with 0 common interceptors and 6 specific interceptors 
main> [2017-12-29 11:11:36] [JdkDynamicAopProxy] [117] [DEBUG] Creating JDK dynamic proxy: target source is SingletonTargetSource for target object [service.ServiceProduct@6d1310f6] 
main> [2017-12-29 11:11:36] [DaoProduct] [18] [DEBUG] ############### getProduct ############### 
main> [2017-12-29 11:11:36] [DaoProduct] [19] [DEBUG] ModelProduct [name=aaa, price=1000] 
main> [2017-12-29 11:11:36] [DaoProduct] [20] [DEBUG] ############### getProduct ############### 
main> [2017-12-29 11:14:01] [ClassPathXmlApplicationContext] [514] [INFO] Refreshing org.springframework.context.support.ClassPathXmlApplicationContext@1198b989: startup date [Fri Dec 29 11:14:01 KST 2017]; root of context hierarchy 
main> [2017-12-29 11:14:01] [XmlBeanDefinitionReader] [317] [INFO] Loading XML bean definitions from class path resource [aop.xml] 
main> [2017-12-29 11:14:01] [AutowiredAnnotationBeanPostProcessor] [153] [INFO] JSR-330 'javax.inject.Inject' annotation found and supported for autowiring 
main> [2017-12-29 11:14:02] [RequestMappingHandlerAdapter] [517] [INFO] Looking for @ControllerAdvice: org.springframework.context.support.ClassPathXmlApplicationContext@1198b989: startup date [Fri Dec 29 11:14:01 KST 2017]; root of context hierarchy 
main> [2017-12-29 11:14:02] [RequestMappingHandlerAdapter] [517] [INFO] Looking for @ControllerAdvice: org.springframework.context.support.ClassPathXmlApplicationContext@1198b989: startup date [Fri Dec 29 11:14:01 KST 2017]; root of context hierarchy 
main> [2017-12-29 11:14:02] [AspectJAwareAdvisorAutoProxyCreator] [505] [DEBUG] Creating implicit proxy for bean 'svrprod' with 0 common interceptors and 6 specific interceptors 
main> [2017-12-29 11:14:02] [JdkDynamicAopProxy] [117] [DEBUG] Creating JDK dynamic proxy: target source is SingletonTargetSource for target object [service.ServiceProduct@6a175569] 
main> [2017-12-29 11:14:02] [FirstAspect] [45] [DEBUG] around ---> 메서드 호출 전 
main> [2017-12-29 11:14:02] [FirstAspect] [46] [DEBUG] around ---> 메서드 호출 전 
main> [2017-12-29 11:14:02] [FirstAspect] [47] [DEBUG] around ---> 메서드 호출 전 
main> [2017-12-29 11:14:02] [FirstAspect] [17] [DEBUG] before ---> 메서드 호출되기 전 
main> [2017-12-29 11:14:02] [FirstAspect] [20] [DEBUG] before ---> 호출되는 메서드는 getNone 
main> [2017-12-29 11:14:02] [FirstAspect] [21] [DEBUG] before ---> 매개변수는[Ljava.lang.Object;@1c65121 
main> [2017-12-29 11:14:02] [DaoProduct] [18] [DEBUG] ############### getProduct ############### 
main> [2017-12-29 11:14:02] [DaoProduct] [19] [DEBUG] ModelProduct [name=aaa, price=1000] 
main> [2017-12-29 11:14:02] [DaoProduct] [20] [DEBUG] ############### getProduct ############### 
main> [2017-12-29 11:14:02] [FirstAspect] [27] [DEBUG] affter ---> 메서드 호출 후 
main> [2017-12-29 11:14:02] [FirstAspect] [28] [DEBUG] affter ---> 메서드 호출 후 
main> [2017-12-29 11:14:02] [FirstAspect] [29] [DEBUG] affter ---> 메서드 호출 후 
main> [2017-12-29 11:14:02] [FirstAspect] [51] [DEBUG] around ---> 메서드 호출 후 
main> [2017-12-29 11:14:02] [FirstAspect] [52] [DEBUG] around ---> 메서드 호출 후 
main> [2017-12-29 11:14:02] [FirstAspect] [53] [DEBUG] around ---> 메서드 호출 후 
main> [2017-12-29 11:17:38] [ClassPathXmlApplicationContext] [514] [INFO] Refreshing org.springframework.context.support.ClassPathXmlApplicationContext@1198b989: startup date [Fri Dec 29 11:17:38 KST 2017]; root of context hierarchy 
main> [2017-12-29 11:17:38] [XmlBeanDefinitionReader] [317] [INFO] Loading XML bean definitions from class path resource [aop.xml] 
main> [2017-12-29 11:17:39] [AutowiredAnnotationBeanPostProcessor] [153] [INFO] JSR-330 'javax.inject.Inject' annotation found and supported for autowiring 
main> [2017-12-29 11:17:39] [RequestMappingHandlerAdapter] [517] [INFO] Looking for @ControllerAdvice: org.springframework.context.support.ClassPathXmlApplicationContext@1198b989: startup date [Fri Dec 29 11:17:38 KST 2017]; root of context hierarchy 
main> [2017-12-29 11:17:39] [RequestMappingHandlerAdapter] [517] [INFO] Looking for @ControllerAdvice: org.springframework.context.support.ClassPathXmlApplicationContext@1198b989: startup date [Fri Dec 29 11:17:38 KST 2017]; root of context hierarchy 
main> [2017-12-29 11:17:39] [AspectJAwareAdvisorAutoProxyCreator] [505] [DEBUG] Creating implicit proxy for bean 'svrprod' with 0 common interceptors and 6 specific interceptors 
main> [2017-12-29 11:17:39] [JdkDynamicAopProxy] [117] [DEBUG] Creating JDK dynamic proxy: target source is SingletonTargetSource for target object [service.ServiceProduct@6a175569] 
main> [2017-12-29 11:17:39] [FirstAspect] [45] [DEBUG] around ---> 메서드 호출 전 
main> [2017-12-29 11:17:39] [FirstAspect] [46] [DEBUG] around ---> 메서드 호출 전 
main> [2017-12-29 11:17:39] [FirstAspect] [47] [DEBUG] around ---> 메서드 호출 전 
main> [2017-12-29 11:17:39] [FirstAspect] [17] [DEBUG] before ---> 메서드 호출되기 전 
main> [2017-12-29 11:17:39] [FirstAspect] [20] [DEBUG] before ---> 호출되는 메서드는 getProduct 
main> [2017-12-29 11:17:39] [FirstAspect] [21] [DEBUG] before ---> 매개변수는[Ljava.lang.Object;@1c65121 
main> [2017-12-29 11:17:39] [DaoProduct] [18] [DEBUG] ############### getProduct ############### 
main> [2017-12-29 11:17:39] [DaoProduct] [19] [DEBUG] ModelProduct [name=bbb, price=1000] 
main> [2017-12-29 11:17:39] [DaoProduct] [20] [DEBUG] ############### getProduct ############### 
main> [2017-12-29 11:17:39] [FirstAspect] [27] [DEBUG] affter ---> 메서드 호출 후 
main> [2017-12-29 11:17:39] [FirstAspect] [28] [DEBUG] affter ---> 메서드 호출 후 
main> [2017-12-29 11:17:39] [FirstAspect] [29] [DEBUG] affter ---> 메서드 호출 후 
main> [2017-12-29 11:17:39] [FirstAspect] [37] [DEBUG] afterReturning ---> 메서드 호출 후 
main> [2017-12-29 11:17:39] [FirstAspect] [38] [DEBUG] afterReturning ---> 호출되는 메서드는 getProduct 
main> [2017-12-29 11:17:39] [FirstAspect] [39] [DEBUG] afterReturning ---> 매개변수는 [Ljava.lang.Object;@1c65121 
main> [2017-12-29 11:17:39] [FirstAspect] [51] [DEBUG] around ---> 메서드 호출 후 
main> [2017-12-29 11:17:39] [FirstAspect] [52] [DEBUG] around ---> 메서드 호출 후 
main> [2017-12-29 11:17:39] [FirstAspect] [53] [DEBUG] around ---> 메서드 호출 후 
main> [2017-12-29 11:18:32] [ClassPathXmlApplicationContext] [514] [INFO] Refreshing org.springframework.context.support.ClassPathXmlApplicationContext@1198b989: startup date [Fri Dec 29 11:18:32 KST 2017]; root of context hierarchy 
main> [2017-12-29 11:18:32] [XmlBeanDefinitionReader] [317] [INFO] Loading XML bean definitions from class path resource [aop.xml] 
main> [2017-12-29 11:18:32] [AutowiredAnnotationBeanPostProcessor] [153] [INFO] JSR-330 'javax.inject.Inject' annotation found and supported for autowiring 
main> [2017-12-29 11:18:33] [RequestMappingHandlerAdapter] [517] [INFO] Looking for @ControllerAdvice: org.springframework.context.support.ClassPathXmlApplicationContext@1198b989: startup date [Fri Dec 29 11:18:32 KST 2017]; root of context hierarchy 
main> [2017-12-29 11:18:33] [RequestMappingHandlerAdapter] [517] [INFO] Looking for @ControllerAdvice: org.springframework.context.support.ClassPathXmlApplicationContext@1198b989: startup date [Fri Dec 29 11:18:32 KST 2017]; root of context hierarchy 
main> [2017-12-29 11:18:33] [AspectJAwareAdvisorAutoProxyCreator] [505] [DEBUG] Creating implicit proxy for bean 'svrprod' with 0 common interceptors and 5 specific interceptors 
main> [2017-12-29 11:18:33] [JdkDynamicAopProxy] [117] [DEBUG] Creating JDK dynamic proxy: target source is SingletonTargetSource for target object [service.ServiceProduct@6a1ebcff] 
main> [2017-12-29 11:18:33] [FirstAspect] [17] [DEBUG] before ---> 메서드 호출되기 전 
main> [2017-12-29 11:18:33] [FirstAspect] [20] [DEBUG] before ---> 호출되는 메서드는 getProduct 
main> [2017-12-29 11:18:33] [FirstAspect] [21] [DEBUG] before ---> 매개변수는[Ljava.lang.Object;@5a12c728 
main> [2017-12-29 11:18:33] [DaoProduct] [18] [DEBUG] ############### getProduct ############### 
main> [2017-12-29 11:18:33] [DaoProduct] [19] [DEBUG] ModelProduct [name=bbb, price=1000] 
main> [2017-12-29 11:18:33] [DaoProduct] [20] [DEBUG] ############### getProduct ############### 
main> [2017-12-29 11:18:33] [FirstAspect] [27] [DEBUG] affter ---> 메서드 호출 후 
main> [2017-12-29 11:18:33] [FirstAspect] [28] [DEBUG] affter ---> 메서드 호출 후 
main> [2017-12-29 11:18:33] [FirstAspect] [29] [DEBUG] affter ---> 메서드 호출 후 
main> [2017-12-29 11:18:33] [FirstAspect] [37] [DEBUG] afterReturning ---> 메서드 호출 후 
main> [2017-12-29 11:18:33] [FirstAspect] [38] [DEBUG] afterReturning ---> 호출되는 메서드는 getProduct 
main> [2017-12-29 11:18:33] [FirstAspect] [39] [DEBUG] afterReturning ---> 매개변수는 [Ljava.lang.Object;@5a12c728 
main> [2017-12-29 11:19:01] [ClassPathXmlApplicationContext] [514] [INFO] Refreshing org.springframework.context.support.ClassPathXmlApplicationContext@1198b989: startup date [Fri Dec 29 11:19:01 KST 2017]; root of context hierarchy 
main> [2017-12-29 11:19:01] [XmlBeanDefinitionReader] [317] [INFO] Loading XML bean definitions from class path resource [aop.xml] 
main> [2017-12-29 11:19:02] [AutowiredAnnotationBeanPostProcessor] [153] [INFO] JSR-330 'javax.inject.Inject' annotation found and supported for autowiring 
main> [2017-12-29 11:19:02] [RequestMappingHandlerAdapter] [517] [INFO] Looking for @ControllerAdvice: org.springframework.context.support.ClassPathXmlApplicationContext@1198b989: startup date [Fri Dec 29 11:19:01 KST 2017]; root of context hierarchy 
main> [2017-12-29 11:19:02] [RequestMappingHandlerAdapter] [517] [INFO] Looking for @ControllerAdvice: org.springframework.context.support.ClassPathXmlApplicationContext@1198b989: startup date [Fri Dec 29 11:19:01 KST 2017]; root of context hierarchy 
main> [2017-12-29 11:19:02] [AspectJAwareAdvisorAutoProxyCreator] [505] [DEBUG] Creating implicit proxy for bean 'svrprod' with 0 common interceptors and 5 specific interceptors 
main> [2017-12-29 11:19:02] [JdkDynamicAopProxy] [117] [DEBUG] Creating JDK dynamic proxy: target source is SingletonTargetSource for target object [service.ServiceProduct@6a1ebcff] 
main> [2017-12-29 11:19:02] [FirstAspect] [17] [DEBUG] before ---> 메서드 호출되기 전 
main> [2017-12-29 11:19:02] [FirstAspect] [20] [DEBUG] before ---> 호출되는 메서드는 getProduct 
main> [2017-12-29 11:19:02] [FirstAspect] [21] [DEBUG] before ---> 매개변수는[Ljava.lang.Object;@5a12c728 
main> [2017-12-29 11:19:02] [DaoProduct] [18] [DEBUG] ############### getProduct ############### 
main> [2017-12-29 11:19:02] [DaoProduct] [19] [DEBUG] ModelProduct [name=bbb, price=1000] 
main> [2017-12-29 11:19:02] [DaoProduct] [20] [DEBUG] ############### getProduct ############### 
main> [2017-12-29 11:19:02] [FirstAspect] [27] [DEBUG] affter ---> 메서드 호출 후 
main> [2017-12-29 11:19:02] [FirstAspect] [28] [DEBUG] affter ---> 메서드 호출 후 
main> [2017-12-29 11:19:02] [FirstAspect] [29] [DEBUG] affter ---> 메서드 호출 후 
main> [2017-12-29 11:19:02] [FirstAspect] [37] [DEBUG] afterReturning ---> 메서드 호출 후 
main> [2017-12-29 11:19:02] [FirstAspect] [38] [DEBUG] afterReturning ---> 호출되는 메서드는 getProduct 
main> [2017-12-29 11:19:02] [FirstAspect] [39] [DEBUG] afterReturning ---> 매개변수는 [Ljava.lang.Object;@5a12c728 
main> [2017-12-29 11:19:57] [ClassPathXmlApplicationContext] [514] [INFO] Refreshing org.springframework.context.support.ClassPathXmlApplicationContext@1198b989: startup date [Fri Dec 29 11:19:57 KST 2017]; root of context hierarchy 
main> [2017-12-29 11:19:57] [XmlBeanDefinitionReader] [317] [INFO] Loading XML bean definitions from class path resource [aop.xml] 
main> [2017-12-29 11:19:57] [AutowiredAnnotationBeanPostProcessor] [153] [INFO] JSR-330 'javax.inject.Inject' annotation found and supported for autowiring 
main> [2017-12-29 11:19:58] [RequestMappingHandlerAdapter] [517] [INFO] Looking for @ControllerAdvice: org.springframework.context.support.ClassPathXmlApplicationContext@1198b989: startup date [Fri Dec 29 11:19:57 KST 2017]; root of context hierarchy 
main> [2017-12-29 11:19:58] [RequestMappingHandlerAdapter] [517] [INFO] Looking for @ControllerAdvice: org.springframework.context.support.ClassPathXmlApplicationContext@1198b989: startup date [Fri Dec 29 11:19:57 KST 2017]; root of context hierarchy 
main> [2017-12-29 11:19:58] [AspectJAwareAdvisorAutoProxyCreator] [505] [DEBUG] Creating implicit proxy for bean 'svrprod' with 0 common interceptors and 5 specific interceptors 
main> [2017-12-29 11:19:58] [JdkDynamicAopProxy] [117] [DEBUG] Creating JDK dynamic proxy: target source is SingletonTargetSource for target object [service.ServiceProduct@6a1ebcff] 
main> [2017-12-29 11:19:58] [FirstAspect] [17] [DEBUG] before ---> 메서드 호출되기 전 
main> [2017-12-29 11:19:58] [FirstAspect] [20] [DEBUG] before ---> 호출되는 메서드는 getProduct 
main> [2017-12-29 11:19:58] [FirstAspect] [21] [DEBUG] before ---> 매개변수는[Ljava.lang.Object;@5a12c728 
main> [2017-12-29 11:19:58] [DaoProduct] [18] [DEBUG] ############### getProduct ############### 
main> [2017-12-29 11:19:58] [DaoProduct] [19] [DEBUG] ModelProduct [name=bbb, price=1000] 
main> [2017-12-29 11:19:58] [DaoProduct] [20] [DEBUG] ############### getProduct ############### 
main> [2017-12-29 11:19:58] [FirstAspect] [27] [DEBUG] affter ---> 메서드 호출 후 
main> [2017-12-29 11:19:58] [FirstAspect] [28] [DEBUG] affter ---> 메서드 호출 후 
main> [2017-12-29 11:19:58] [FirstAspect] [29] [DEBUG] affter ---> 메서드 호출 후 
main> [2017-12-29 11:19:58] [FirstAspect] [37] [DEBUG] afterReturning ---> 메서드 호출 후 
main> [2017-12-29 11:19:58] [FirstAspect] [38] [DEBUG] afterReturning ---> 호출되는 메서드는 getProduct 
main> [2017-12-29 11:19:58] [FirstAspect] [39] [DEBUG] afterReturning ---> 매개변수는 [Ljava.lang.Object;@5a12c728 
main> [2017-12-29 11:32:23] [ClassPathXmlApplicationContext] [514] [INFO] Refreshing org.springframework.context.support.ClassPathXmlApplicationContext@1198b989: startup date [Fri Dec 29 11:32:23 KST 2017]; root of context hierarchy 
main> [2017-12-29 11:32:23] [XmlBeanDefinitionReader] [317] [INFO] Loading XML bean definitions from class path resource [aop.xml] 
main> [2017-12-29 11:32:24] [AutowiredAnnotationBeanPostProcessor] [153] [INFO] JSR-330 'javax.inject.Inject' annotation found and supported for autowiring 
main> [2017-12-29 11:32:24] [RequestMappingHandlerAdapter] [517] [INFO] Looking for @ControllerAdvice: org.springframework.context.support.ClassPathXmlApplicationContext@1198b989: startup date [Fri Dec 29 11:32:23 KST 2017]; root of context hierarchy 
main> [2017-12-29 11:32:24] [RequestMappingHandlerAdapter] [517] [INFO] Looking for @ControllerAdvice: org.springframework.context.support.ClassPathXmlApplicationContext@1198b989: startup date [Fri Dec 29 11:32:23 KST 2017]; root of context hierarchy 
main> [2017-12-29 11:32:24] [AspectJAwareAdvisorAutoProxyCreator] [505] [DEBUG] Creating implicit proxy for bean 'svrprod' with 0 common interceptors and 5 specific interceptors 
main> [2017-12-29 11:32:24] [JdkDynamicAopProxy] [117] [DEBUG] Creating JDK dynamic proxy: target source is SingletonTargetSource for target object [service.ServiceProduct@6a1ebcff] 
main> [2017-12-29 11:32:24] [FirstAspect] [17] [DEBUG] before ---> 메서드 호출되기 전 
main> [2017-12-29 11:32:24] [FirstAspect] [20] [DEBUG] before ---> 호출되는 메서드는 getProduct 
main> [2017-12-29 11:32:24] [FirstAspect] [21] [DEBUG] before ---> 매개변수는[Ljava.lang.Object;@5a12c728 
main> [2017-12-29 11:32:24] [DaoProduct] [18] [DEBUG] ############### getProduct ############### 
main> [2017-12-29 11:32:24] [DaoProduct] [19] [DEBUG] ModelProduct [name=bbb, price=1000] 
main> [2017-12-29 11:32:24] [DaoProduct] [20] [DEBUG] ############### getProduct ############### 
main> [2017-12-29 11:32:24] [FirstAspect] [27] [DEBUG] affter ---> 메서드 호출 후 
main> [2017-12-29 11:32:24] [FirstAspect] [28] [DEBUG] affter ---> 메서드 호출 후 
main> [2017-12-29 11:32:24] [FirstAspect] [29] [DEBUG] affter ---> 메서드 호출 후 
main> [2017-12-29 11:32:24] [FirstAspect] [37] [DEBUG] afterReturning ---> 메서드 호출 후 
main> [2017-12-29 11:32:24] [FirstAspect] [38] [DEBUG] afterReturning ---> 호출되는 메서드는 getProduct 
main> [2017-12-29 11:32:24] [FirstAspect] [39] [DEBUG] afterReturning ---> 매개변수는 [Ljava.lang.Object;@5a12c728 
main> [2017-12-29 11:32:47] [ClassPathXmlApplicationContext] [514] [INFO] Refreshing org.springframework.context.support.ClassPathXmlApplicationContext@1198b989: startup date [Fri Dec 29 11:32:47 KST 2017]; root of context hierarchy 
main> [2017-12-29 11:32:48] [XmlBeanDefinitionReader] [317] [INFO] Loading XML bean definitions from class path resource [aop.xml] 
main> [2017-12-29 11:32:48] [AutowiredAnnotationBeanPostProcessor] [153] [INFO] JSR-330 'javax.inject.Inject' annotation found and supported for autowiring 
main> [2017-12-29 11:32:48] [RequestMappingHandlerAdapter] [517] [INFO] Looking for @ControllerAdvice: org.springframework.context.support.ClassPathXmlApplicationContext@1198b989: startup date [Fri Dec 29 11:32:47 KST 2017]; root of context hierarchy 
main> [2017-12-29 11:32:48] [RequestMappingHandlerAdapter] [517] [INFO] Looking for @ControllerAdvice: org.springframework.context.support.ClassPathXmlApplicationContext@1198b989: startup date [Fri Dec 29 11:32:47 KST 2017]; root of context hierarchy 
main> [2017-12-29 11:32:48] [AspectJAwareAdvisorAutoProxyCreator] [505] [DEBUG] Creating implicit proxy for bean 'svrprod' with 0 common interceptors and 6 specific interceptors 
main> [2017-12-29 11:32:48] [JdkDynamicAopProxy] [117] [DEBUG] Creating JDK dynamic proxy: target source is SingletonTargetSource for target object [service.ServiceProduct@6a175569] 
main> [2017-12-29 11:32:48] [FirstAspect] [45] [DEBUG] around ---> 메서드 호출 전 
main> [2017-12-29 11:32:48] [FirstAspect] [46] [DEBUG] around ---> 메서드 호출 전 
main> [2017-12-29 11:32:48] [FirstAspect] [47] [DEBUG] around ---> 메서드 호출 전 
main> [2017-12-29 11:32:48] [FirstAspect] [17] [DEBUG] before ---> 메서드 호출되기 전 
main> [2017-12-29 11:32:48] [FirstAspect] [20] [DEBUG] before ---> 호출되는 메서드는 getProduct 
main> [2017-12-29 11:32:48] [FirstAspect] [21] [DEBUG] before ---> 매개변수는[Ljava.lang.Object;@1c65121 
main> [2017-12-29 11:32:48] [DaoProduct] [18] [DEBUG] ############### getProduct ############### 
main> [2017-12-29 11:32:48] [DaoProduct] [19] [DEBUG] ModelProduct [name=bbb, price=1000] 
main> [2017-12-29 11:32:48] [DaoProduct] [20] [DEBUG] ############### getProduct ############### 
main> [2017-12-29 11:32:48] [FirstAspect] [27] [DEBUG] affter ---> 메서드 호출 후 
main> [2017-12-29 11:32:48] [FirstAspect] [28] [DEBUG] affter ---> 메서드 호출 후 
main> [2017-12-29 11:32:48] [FirstAspect] [29] [DEBUG] affter ---> 메서드 호출 후 
main> [2017-12-29 11:32:48] [FirstAspect] [37] [DEBUG] afterReturning ---> 메서드 호출 후 
main> [2017-12-29 11:32:48] [FirstAspect] [38] [DEBUG] afterReturning ---> 호출되는 메서드는 getProduct 
main> [2017-12-29 11:32:48] [FirstAspect] [39] [DEBUG] afterReturning ---> 매개변수는 [Ljava.lang.Object;@1c65121 
main> [2017-12-29 11:32:48] [FirstAspect] [51] [DEBUG] around ---> 메서드 호출 후 
main> [2017-12-29 11:32:48] [FirstAspect] [52] [DEBUG] around ---> 메서드 호출 후 
main> [2017-12-29 11:32:48] [FirstAspect] [53] [DEBUG] around ---> 메서드 호출 후 
main> [2017-12-29 11:32:55] [ClassPathXmlApplicationContext] [514] [INFO] Refreshing org.springframework.context.support.ClassPathXmlApplicationContext@1198b989: startup date [Fri Dec 29 11:32:55 KST 2017]; root of context hierarchy 
main> [2017-12-29 11:32:55] [XmlBeanDefinitionReader] [317] [INFO] Loading XML bean definitions from class path resource [aop.xml] 
main> [2017-12-29 11:32:55] [AutowiredAnnotationBeanPostProcessor] [153] [INFO] JSR-330 'javax.inject.Inject' annotation found and supported for autowiring 
main> [2017-12-29 11:32:56] [RequestMappingHandlerAdapter] [517] [INFO] Looking for @ControllerAdvice: org.springframework.context.support.ClassPathXmlApplicationContext@1198b989: startup date [Fri Dec 29 11:32:55 KST 2017]; root of context hierarchy 
main> [2017-12-29 11:32:56] [RequestMappingHandlerAdapter] [517] [INFO] Looking for @ControllerAdvice: org.springframework.context.support.ClassPathXmlApplicationContext@1198b989: startup date [Fri Dec 29 11:32:55 KST 2017]; root of context hierarchy 
main> [2017-12-29 11:32:56] [AspectJAwareAdvisorAutoProxyCreator] [505] [DEBUG] Creating implicit proxy for bean 'svrprod' with 0 common interceptors and 6 specific interceptors 
main> [2017-12-29 11:32:56] [JdkDynamicAopProxy] [117] [DEBUG] Creating JDK dynamic proxy: target source is SingletonTargetSource for target object [service.ServiceProduct@6a175569] 
main> [2017-12-29 11:32:56] [FirstAspect] [45] [DEBUG] around ---> 메서드 호출 전 
main> [2017-12-29 11:32:56] [FirstAspect] [46] [DEBUG] around ---> 메서드 호출 전 
main> [2017-12-29 11:32:56] [FirstAspect] [47] [DEBUG] around ---> 메서드 호출 전 
main> [2017-12-29 11:32:56] [FirstAspect] [17] [DEBUG] before ---> 메서드 호출되기 전 
main> [2017-12-29 11:32:56] [FirstAspect] [20] [DEBUG] before ---> 호출되는 메서드는 getNone 
main> [2017-12-29 11:32:56] [FirstAspect] [21] [DEBUG] before ---> 매개변수는[Ljava.lang.Object;@1c65121 
main> [2017-12-29 11:32:56] [DaoProduct] [18] [DEBUG] ############### getProduct ############### 
main> [2017-12-29 11:32:56] [DaoProduct] [19] [DEBUG] ModelProduct [name=aaa, price=1000] 
main> [2017-12-29 11:32:56] [DaoProduct] [20] [DEBUG] ############### getProduct ############### 
main> [2017-12-29 11:32:56] [FirstAspect] [27] [DEBUG] affter ---> 메서드 호출 후 
main> [2017-12-29 11:32:56] [FirstAspect] [28] [DEBUG] affter ---> 메서드 호출 후 
main> [2017-12-29 11:32:56] [FirstAspect] [29] [DEBUG] affter ---> 메서드 호출 후 
main> [2017-12-29 11:32:56] [FirstAspect] [51] [DEBUG] around ---> 메서드 호출 후 
main> [2017-12-29 11:32:56] [FirstAspect] [52] [DEBUG] around ---> 메서드 호출 후 
main> [2017-12-29 11:32:56] [FirstAspect] [53] [DEBUG] around ---> 메서드 호출 후 
main> [2017-12-29 11:33:00] [ClassPathXmlApplicationContext] [514] [INFO] Refreshing org.springframework.context.support.ClassPathXmlApplicationContext@1198b989: startup date [Fri Dec 29 11:33:00 KST 2017]; root of context hierarchy 
main> [2017-12-29 11:33:00] [XmlBeanDefinitionReader] [317] [INFO] Loading XML bean definitions from class path resource [aop.xml] 
main> [2017-12-29 11:33:00] [AutowiredAnnotationBeanPostProcessor] [153] [INFO] JSR-330 'javax.inject.Inject' annotation found and supported for autowiring 
main> [2017-12-29 11:33:01] [RequestMappingHandlerAdapter] [517] [INFO] Looking for @ControllerAdvice: org.springframework.context.support.ClassPathXmlApplicationContext@1198b989: startup date [Fri Dec 29 11:33:00 KST 2017]; root of context hierarchy 
main> [2017-12-29 11:33:01] [RequestMappingHandlerAdapter] [517] [INFO] Looking for @ControllerAdvice: org.springframework.context.support.ClassPathXmlApplicationContext@1198b989: startup date [Fri Dec 29 11:33:00 KST 2017]; root of context hierarchy 
main> [2017-12-29 11:33:01] [AspectJAwareAdvisorAutoProxyCreator] [505] [DEBUG] Creating implicit proxy for bean 'svrprod' with 0 common interceptors and 6 specific interceptors 
main> [2017-12-29 11:33:01] [JdkDynamicAopProxy] [117] [DEBUG] Creating JDK dynamic proxy: target source is SingletonTargetSource for target object [service.ServiceProduct@3a7b503d] 
main> [2017-12-29 11:33:01] [FirstAspect] [45] [DEBUG] around ---> 메서드 호출 전 
main> [2017-12-29 11:33:01] [FirstAspect] [46] [DEBUG] around ---> 메서드 호출 전 
main> [2017-12-29 11:33:01] [FirstAspect] [47] [DEBUG] around ---> 메서드 호출 전 
main> [2017-12-29 11:33:01] [FirstAspect] [17] [DEBUG] before ---> 메서드 호출되기 전 
main> [2017-12-29 11:33:01] [FirstAspect] [20] [DEBUG] before ---> 호출되는 메서드는 getProduct 
main> [2017-12-29 11:33:01] [FirstAspect] [21] [DEBUG] before ---> 매개변수는[Ljava.lang.Object;@5af5def9 
main> [2017-12-29 11:33:01] [DaoProduct] [18] [DEBUG] ############### getProduct ############### 
main> [2017-12-29 11:33:01] [DaoProduct] [19] [DEBUG] ModelProduct [name=bbb, price=1000] 
main> [2017-12-29 11:33:01] [DaoProduct] [20] [DEBUG] ############### getProduct ############### 
main> [2017-12-29 11:33:01] [FirstAspect] [27] [DEBUG] affter ---> 메서드 호출 후 
main> [2017-12-29 11:33:01] [FirstAspect] [28] [DEBUG] affter ---> 메서드 호출 후 
main> [2017-12-29 11:33:01] [FirstAspect] [29] [DEBUG] affter ---> 메서드 호출 후 
main> [2017-12-29 11:33:01] [FirstAspect] [37] [DEBUG] afterReturning ---> 메서드 호출 후 
main> [2017-12-29 11:33:01] [FirstAspect] [38] [DEBUG] afterReturning ---> 호출되는 메서드는 getProduct 
main> [2017-12-29 11:33:01] [FirstAspect] [39] [DEBUG] afterReturning ---> 매개변수는 [Ljava.lang.Object;@5af5def9 
main> [2017-12-29 11:33:01] [FirstAspect] [51] [DEBUG] around ---> 메서드 호출 후 
main> [2017-12-29 11:33:01] [FirstAspect] [52] [DEBUG] around ---> 메서드 호출 후 
main> [2017-12-29 11:33:01] [FirstAspect] [53] [DEBUG] around ---> 메서드 호출 후 
main> [2017-12-29 11:34:06] [ClassPathXmlApplicationContext] [514] [INFO] Refreshing org.springframework.context.support.ClassPathXmlApplicationContext@1198b989: startup date [Fri Dec 29 11:34:06 KST 2017]; root of context hierarchy 
main> [2017-12-29 11:34:06] [XmlBeanDefinitionReader] [317] [INFO] Loading XML bean definitions from class path resource [aop.xml] 
main> [2017-12-29 11:34:06] [AutowiredAnnotationBeanPostProcessor] [153] [INFO] JSR-330 'javax.inject.Inject' annotation found and supported for autowiring 
main> [2017-12-29 11:34:07] [RequestMappingHandlerAdapter] [517] [INFO] Looking for @ControllerAdvice: org.springframework.context.support.ClassPathXmlApplicationContext@1198b989: startup date [Fri Dec 29 11:34:06 KST 2017]; root of context hierarchy 
main> [2017-12-29 11:34:07] [RequestMappingHandlerAdapter] [517] [INFO] Looking for @ControllerAdvice: org.springframework.context.support.ClassPathXmlApplicationContext@1198b989: startup date [Fri Dec 29 11:34:06 KST 2017]; root of context hierarchy 
main> [2017-12-29 11:34:07] [AspectJAwareAdvisorAutoProxyCreator] [505] [DEBUG] Creating implicit proxy for bean 'svrprod' with 0 common interceptors and 6 specific interceptors 
main> [2017-12-29 11:34:07] [JdkDynamicAopProxy] [117] [DEBUG] Creating JDK dynamic proxy: target source is SingletonTargetSource for target object [service.ServiceProduct@6a175569] 
main> [2017-12-29 11:34:07] [FirstAspect] [45] [DEBUG] around ---> 메서드 호출 전 
main> [2017-12-29 11:34:07] [FirstAspect] [46] [DEBUG] around ---> 메서드 호출 전 
main> [2017-12-29 11:34:07] [FirstAspect] [47] [DEBUG] around ---> 메서드 호출 전 
main> [2017-12-29 11:34:07] [FirstAspect] [17] [DEBUG] before ---> 메서드 호출되기 전 
main> [2017-12-29 11:34:07] [FirstAspect] [20] [DEBUG] before ---> 호출되는 메서드는 getNone 
main> [2017-12-29 11:34:07] [FirstAspect] [21] [DEBUG] before ---> 매개변수는[Ljava.lang.Object;@1c65121 
main> [2017-12-29 11:34:07] [DaoProduct] [18] [DEBUG] ############### getProduct ############### 
main> [2017-12-29 11:34:07] [DaoProduct] [19] [DEBUG] ModelProduct [name=aaa, price=1000] 
main> [2017-12-29 11:34:07] [DaoProduct] [20] [DEBUG] ############### getProduct ############### 
main> [2017-12-29 11:34:07] [FirstAspect] [27] [DEBUG] affter ---> 메서드 호출 후 
main> [2017-12-29 11:34:07] [FirstAspect] [28] [DEBUG] affter ---> 메서드 호출 후 
main> [2017-12-29 11:34:07] [FirstAspect] [29] [DEBUG] affter ---> 메서드 호출 후 
main> [2017-12-29 11:34:07] [FirstAspect] [51] [DEBUG] around ---> 메서드 호출 후 
main> [2017-12-29 11:34:07] [FirstAspect] [52] [DEBUG] around ---> 메서드 호출 후 
main> [2017-12-29 11:34:07] [FirstAspect] [53] [DEBUG] around ---> 메서드 호출 후 
main> [2017-12-29 11:34:31] [ClassPathXmlApplicationContext] [514] [INFO] Refreshing org.springframework.context.support.ClassPathXmlApplicationContext@1198b989: startup date [Fri Dec 29 11:34:31 KST 2017]; root of context hierarchy 
main> [2017-12-29 11:34:31] [XmlBeanDefinitionReader] [317] [INFO] Loading XML bean definitions from class path resource [aop.xml] 
main> [2017-12-29 11:34:31] [AutowiredAnnotationBeanPostProcessor] [153] [INFO] JSR-330 'javax.inject.Inject' annotation found and supported for autowiring 
main> [2017-12-29 11:34:32] [RequestMappingHandlerAdapter] [517] [INFO] Looking for @ControllerAdvice: org.springframework.context.support.ClassPathXmlApplicationContext@1198b989: startup date [Fri Dec 29 11:34:31 KST 2017]; root of context hierarchy 
main> [2017-12-29 11:34:32] [RequestMappingHandlerAdapter] [517] [INFO] Looking for @ControllerAdvice: org.springframework.context.support.ClassPathXmlApplicationContext@1198b989: startup date [Fri Dec 29 11:34:31 KST 2017]; root of context hierarchy 
main> [2017-12-29 11:34:32] [AspectJAwareAdvisorAutoProxyCreator] [505] [DEBUG] Creating implicit proxy for bean 'svrprod' with 0 common interceptors and 6 specific interceptors 
main> [2017-12-29 11:34:32] [JdkDynamicAopProxy] [117] [DEBUG] Creating JDK dynamic proxy: target source is SingletonTargetSource for target object [service.ServiceProduct@6a175569] 
main> [2017-12-29 11:34:32] [FirstAspect] [45] [DEBUG] around ---> 메서드 호출 전 
main> [2017-12-29 11:34:32] [FirstAspect] [46] [DEBUG] around ---> 메서드 호출 전 
main> [2017-12-29 11:34:32] [FirstAspect] [47] [DEBUG] around ---> 메서드 호출 전 
main> [2017-12-29 11:34:32] [FirstAspect] [17] [DEBUG] before ---> 메서드 호출되기 전 
main> [2017-12-29 11:34:32] [FirstAspect] [20] [DEBUG] before ---> 호출되는 메서드는 getProduct 
main> [2017-12-29 11:34:32] [FirstAspect] [21] [DEBUG] before ---> 매개변수는[Ljava.lang.Object;@1c65121 
main> [2017-12-29 11:34:32] [DaoProduct] [18] [DEBUG] ############### getProduct ############### 
main> [2017-12-29 11:34:32] [DaoProduct] [19] [DEBUG] ModelProduct [name=bbb, price=1000] 
main> [2017-12-29 11:34:32] [DaoProduct] [20] [DEBUG] ############### getProduct ############### 
main> [2017-12-29 11:34:32] [FirstAspect] [27] [DEBUG] affter ---> 메서드 호출 후 
main> [2017-12-29 11:34:32] [FirstAspect] [28] [DEBUG] affter ---> 메서드 호출 후 
main> [2017-12-29 11:34:32] [FirstAspect] [29] [DEBUG] affter ---> 메서드 호출 후 
main> [2017-12-29 11:34:32] [FirstAspect] [37] [DEBUG] afterReturning ---> 메서드 호출 후 
main> [2017-12-29 11:34:32] [FirstAspect] [38] [DEBUG] afterReturning ---> 호출되는 메서드는 getProduct 
main> [2017-12-29 11:34:32] [FirstAspect] [39] [DEBUG] afterReturning ---> 매개변수는 [Ljava.lang.Object;@1c65121 
main> [2017-12-29 11:34:32] [FirstAspect] [51] [DEBUG] around ---> 메서드 호출 후 
main> [2017-12-29 11:34:32] [FirstAspect] [52] [DEBUG] around ---> 메서드 호출 후 
main> [2017-12-29 11:34:32] [FirstAspect] [53] [DEBUG] around ---> 메서드 호출 후 
main> [2017-12-29 11:36:22] [ClassPathXmlApplicationContext] [514] [INFO] Refreshing org.springframework.context.support.ClassPathXmlApplicationContext@69930714: startup date [Fri Dec 29 11:36:22 KST 2017]; root of context hierarchy 
main> [2017-12-29 11:36:22] [XmlBeanDefinitionReader] [317] [INFO] Loading XML bean definitions from class path resource [aop.xml] 
main> [2017-12-29 11:36:23] [AutowiredAnnotationBeanPostProcessor] [153] [INFO] JSR-330 'javax.inject.Inject' annotation found and supported for autowiring 
main> [2017-12-29 11:36:23] [RequestMappingHandlerAdapter] [517] [INFO] Looking for @ControllerAdvice: org.springframework.context.support.ClassPathXmlApplicationContext@69930714: startup date [Fri Dec 29 11:36:22 KST 2017]; root of context hierarchy 
main> [2017-12-29 11:36:23] [RequestMappingHandlerAdapter] [517] [INFO] Looking for @ControllerAdvice: org.springframework.context.support.ClassPathXmlApplicationContext@69930714: startup date [Fri Dec 29 11:36:22 KST 2017]; root of context hierarchy 
main> [2017-12-29 11:36:23] [AspectJAwareAdvisorAutoProxyCreator] [505] [DEBUG] Creating implicit proxy for bean 'svrprod' with 0 common interceptors and 6 specific interceptors 
main> [2017-12-29 11:36:23] [JdkDynamicAopProxy] [117] [DEBUG] Creating JDK dynamic proxy: target source is SingletonTargetSource for target object [service.ServiceProduct@c20be82] 
main> [2017-12-29 11:36:23] [FirstAspect] [45] [DEBUG] around ---> 메서드 호출 전 
main> [2017-12-29 11:36:23] [FirstAspect] [46] [DEBUG] around ---> 메서드 호출 전 
main> [2017-12-29 11:36:23] [FirstAspect] [47] [DEBUG] around ---> 메서드 호출 전 
main> [2017-12-29 11:36:23] [FirstAspect] [17] [DEBUG] before ---> 메서드 호출되기 전 
main> [2017-12-29 11:36:23] [FirstAspect] [20] [DEBUG] before ---> 호출되는 메서드는 getProduct 
main> [2017-12-29 11:36:23] [FirstAspect] [21] [DEBUG] before ---> 매개변수는[Ljava.lang.Object;@3d829787 
main> [2017-12-29 11:36:23] [DaoProduct] [18] [DEBUG] ############### getProduct ############### 
main> [2017-12-29 11:36:23] [DaoProduct] [19] [DEBUG] ModelProduct [name=bbb, price=1000] 
main> [2017-12-29 11:36:23] [DaoProduct] [20] [DEBUG] ############### getProduct ############### 
main> [2017-12-29 11:36:23] [FirstAspect] [27] [DEBUG] affter ---> 메서드 호출 후 
main> [2017-12-29 11:36:23] [FirstAspect] [28] [DEBUG] affter ---> 메서드 호출 후 
main> [2017-12-29 11:36:23] [FirstAspect] [29] [DEBUG] affter ---> 메서드 호출 후 
main> [2017-12-29 11:36:23] [FirstAspect] [37] [DEBUG] afterReturning ---> 메서드 호출 후 
main> [2017-12-29 11:36:23] [FirstAspect] [38] [DEBUG] afterReturning ---> 호출되는 메서드는 getProduct 
main> [2017-12-29 11:36:23] [FirstAspect] [39] [DEBUG] afterReturning ---> 매개변수는 [Ljava.lang.Object;@3d829787 
main> [2017-12-29 11:36:23] [FirstAspect] [51] [DEBUG] around ---> 메서드 호출 후 
main> [2017-12-29 11:36:23] [FirstAspect] [52] [DEBUG] around ---> 메서드 호출 후 
main> [2017-12-29 11:36:23] [FirstAspect] [53] [DEBUG] around ---> 메서드 호출 후 
main> [2017-12-29 11:36:23] [FirstAspect] [45] [DEBUG] around ---> 메서드 호출 전 
main> [2017-12-29 11:36:23] [FirstAspect] [46] [DEBUG] around ---> 메서드 호출 전 
main> [2017-12-29 11:36:23] [FirstAspect] [47] [DEBUG] around ---> 메서드 호출 전 
main> [2017-12-29 11:36:23] [FirstAspect] [17] [DEBUG] before ---> 메서드 호출되기 전 
main> [2017-12-29 11:36:23] [FirstAspect] [20] [DEBUG] before ---> 호출되는 메서드는 getNone 
main> [2017-12-29 11:36:23] [FirstAspect] [21] [DEBUG] before ---> 매개변수는[Ljava.lang.Object;@1f2d2181 
main> [2017-12-29 11:36:23] [DaoProduct] [18] [DEBUG] ############### getProduct ############### 
main> [2017-12-29 11:36:23] [DaoProduct] [19] [DEBUG] ModelProduct [name=aaa, price=1000] 
main> [2017-12-29 11:36:23] [DaoProduct] [20] [DEBUG] ############### getProduct ############### 
main> [2017-12-29 11:36:23] [FirstAspect] [27] [DEBUG] affter ---> 메서드 호출 후 
main> [2017-12-29 11:36:23] [FirstAspect] [28] [DEBUG] affter ---> 메서드 호출 후 
main> [2017-12-29 11:36:23] [FirstAspect] [29] [DEBUG] affter ---> 메서드 호출 후 
main> [2017-12-29 11:36:23] [FirstAspect] [51] [DEBUG] around ---> 메서드 호출 후 
main> [2017-12-29 11:36:23] [FirstAspect] [52] [DEBUG] around ---> 메서드 호출 후 
main> [2017-12-29 11:36:23] [FirstAspect] [53] [DEBUG] around ---> 메서드 호출 후 
main> [2017-12-29 11:36:23] [FirstAspect] [45] [DEBUG] around ---> 메서드 호출 전 
main> [2017-12-29 11:36:23] [FirstAspect] [46] [DEBUG] around ---> 메서드 호출 전 
main> [2017-12-29 11:36:23] [FirstAspect] [47] [DEBUG] around ---> 메서드 호출 전 
main> [2017-12-29 11:36:23] [FirstAspect] [17] [DEBUG] before ---> 메서드 호출되기 전 
main> [2017-12-29 11:36:23] [FirstAspect] [20] [DEBUG] before ---> 호출되는 메서드는 getProduct 
main> [2017-12-29 11:36:23] [FirstAspect] [21] [DEBUG] before ---> 매개변수는[Ljava.lang.Object;@49bf29c6 
main> [2017-12-29 11:36:23] [DaoProduct] [18] [DEBUG] ############### getProduct ############### 
main> [2017-12-29 11:36:23] [DaoProduct] [19] [DEBUG] ModelProduct [name=bbb, price=1000] 
main> [2017-12-29 11:36:23] [DaoProduct] [20] [DEBUG] ############### getProduct ############### 
main> [2017-12-29 11:36:23] [FirstAspect] [27] [DEBUG] affter ---> 메서드 호출 후 
main> [2017-12-29 11:36:23] [FirstAspect] [28] [DEBUG] affter ---> 메서드 호출 후 
main> [2017-12-29 11:36:23] [FirstAspect] [29] [DEBUG] affter ---> 메서드 호출 후 
main> [2017-12-29 11:36:23] [FirstAspect] [37] [DEBUG] afterReturning ---> 메서드 호출 후 
main> [2017-12-29 11:36:23] [FirstAspect] [38] [DEBUG] afterReturning ---> 호출되는 메서드는 getProduct 
main> [2017-12-29 11:36:23] [FirstAspect] [39] [DEBUG] afterReturning ---> 매개변수는 [Ljava.lang.Object;@49bf29c6 
main> [2017-12-29 11:36:23] [FirstAspect] [51] [DEBUG] around ---> 메서드 호출 후 
main> [2017-12-29 11:36:23] [FirstAspect] [52] [DEBUG] around ---> 메서드 호출 후 
main> [2017-12-29 11:36:23] [FirstAspect] [53] [DEBUG] around ---> 메서드 호출 후 
main> [2017-12-29 11:37:32] [ClassPathXmlApplicationContext] [514] [INFO] Refreshing org.springframework.context.support.ClassPathXmlApplicationContext@1198b989: startup date [Fri Dec 29 11:37:32 KST 2017]; root of context hierarchy 
main> [2017-12-29 11:37:32] [XmlBeanDefinitionReader] [317] [INFO] Loading XML bean definitions from class path resource [aop.xml] 
main> [2017-12-29 11:37:33] [AutowiredAnnotationBeanPostProcessor] [153] [INFO] JSR-330 'javax.inject.Inject' annotation found and supported for autowiring 
main> [2017-12-29 11:37:33] [RequestMappingHandlerAdapter] [517] [INFO] Looking for @ControllerAdvice: org.springframework.context.support.ClassPathXmlApplicationContext@1198b989: startup date [Fri Dec 29 11:37:32 KST 2017]; root of context hierarchy 
main> [2017-12-29 11:37:33] [RequestMappingHandlerAdapter] [517] [INFO] Looking for @ControllerAdvice: org.springframework.context.support.ClassPathXmlApplicationContext@1198b989: startup date [Fri Dec 29 11:37:32 KST 2017]; root of context hierarchy 
main> [2017-12-29 11:37:33] [AspectJAwareAdvisorAutoProxyCreator] [505] [DEBUG] Creating implicit proxy for bean 'svrprod' with 0 common interceptors and 6 specific interceptors 
main> [2017-12-29 11:37:33] [JdkDynamicAopProxy] [117] [DEBUG] Creating JDK dynamic proxy: target source is SingletonTargetSource for target object [service.ServiceProduct@6a175569] 
main> [2017-12-29 11:37:33] [FirstAspect] [45] [DEBUG] around ---> 메서드 호출 전 
main> [2017-12-29 11:37:33] [FirstAspect] [46] [DEBUG] around ---> 메서드 호출 전 
main> [2017-12-29 11:37:33] [FirstAspect] [47] [DEBUG] around ---> 메서드 호출 전 
main> [2017-12-29 11:37:33] [FirstAspect] [17] [DEBUG] before ---> 메서드 호출되기 전 
main> [2017-12-29 11:37:33] [FirstAspect] [20] [DEBUG] before ---> 호출되는 메서드는 getProduct 
main> [2017-12-29 11:37:33] [FirstAspect] [21] [DEBUG] before ---> 매개변수는[Ljava.lang.Object;@1c65121 
main> [2017-12-29 11:37:33] [DaoProduct] [18] [DEBUG] ############### getProduct ############### 
main> [2017-12-29 11:37:33] [DaoProduct] [19] [DEBUG] ModelProduct [name=bbb, price=1000] 
main> [2017-12-29 11:37:33] [DaoProduct] [20] [DEBUG] ############### getProduct ############### 
main> [2017-12-29 11:37:33] [FirstAspect] [27] [DEBUG] affter ---> 메서드 호출 후 
main> [2017-12-29 11:37:33] [FirstAspect] [28] [DEBUG] affter ---> 메서드 호출 후 
main> [2017-12-29 11:37:33] [FirstAspect] [29] [DEBUG] affter ---> 메서드 호출 후 
main> [2017-12-29 11:37:33] [FirstAspect] [37] [DEBUG] afterReturning ---> 메서드 호출 후 
main> [2017-12-29 11:37:33] [FirstAspect] [38] [DEBUG] afterReturning ---> 호출되는 메서드는 getProduct 
main> [2017-12-29 11:37:33] [FirstAspect] [39] [DEBUG] afterReturning ---> 매개변수는 [Ljava.lang.Object;@1c65121 
main> [2017-12-29 11:37:33] [FirstAspect] [51] [DEBUG] around ---> 메서드 호출 후 
main> [2017-12-29 11:37:33] [FirstAspect] [52] [DEBUG] around ---> 메서드 호출 후 
main> [2017-12-29 11:37:33] [FirstAspect] [53] [DEBUG] around ---> 메서드 호출 후 
main> [2017-12-29 11:39:51] [ClassPathXmlApplicationContext] [514] [INFO] Refreshing org.springframework.context.support.ClassPathXmlApplicationContext@1198b989: startup date [Fri Dec 29 11:39:51 KST 2017]; root of context hierarchy 
main> [2017-12-29 11:39:51] [XmlBeanDefinitionReader] [317] [INFO] Loading XML bean definitions from class path resource [aop.xml] 
main> [2017-12-29 11:39:51] [AutowiredAnnotationBeanPostProcessor] [153] [INFO] JSR-330 'javax.inject.Inject' annotation found and supported for autowiring 
main> [2017-12-29 11:39:52] [RequestMappingHandlerAdapter] [517] [INFO] Looking for @ControllerAdvice: org.springframework.context.support.ClassPathXmlApplicationContext@1198b989: startup date [Fri Dec 29 11:39:51 KST 2017]; root of context hierarchy 
main> [2017-12-29 11:39:52] [RequestMappingHandlerAdapter] [517] [INFO] Looking for @ControllerAdvice: org.springframework.context.support.ClassPathXmlApplicationContext@1198b989: startup date [Fri Dec 29 11:39:51 KST 2017]; root of context hierarchy 
main> [2017-12-29 11:39:52] [AspectJAwareAdvisorAutoProxyCreator] [505] [DEBUG] Creating implicit proxy for bean 'svrprod' with 0 common interceptors and 6 specific interceptors 
main> [2017-12-29 11:39:52] [JdkDynamicAopProxy] [117] [DEBUG] Creating JDK dynamic proxy: target source is SingletonTargetSource for target object [service.ServiceProduct@6a175569] 
main> [2017-12-29 11:39:52] [FirstAspect] [45] [DEBUG] around ---> 메서드 호출 전 
main> [2017-12-29 11:39:52] [FirstAspect] [46] [DEBUG] around ---> 메서드 호출 전 
main> [2017-12-29 11:39:52] [FirstAspect] [47] [DEBUG] around ---> 메서드 호출 전 
main> [2017-12-29 11:39:52] [FirstAspect] [17] [DEBUG] before ---> 메서드 호출되기 전 
main> [2017-12-29 11:39:52] [FirstAspect] [20] [DEBUG] before ---> 호출되는 메서드는 getNone 
main> [2017-12-29 11:39:52] [FirstAspect] [21] [DEBUG] before ---> 매개변수는[Ljava.lang.Object;@1c65121 
main> [2017-12-29 11:39:52] [DaoProduct] [18] [DEBUG] ############### getProduct ############### 
main> [2017-12-29 11:39:52] [DaoProduct] [19] [DEBUG] ModelProduct [name=aaa, price=1000] 
main> [2017-12-29 11:39:52] [DaoProduct] [20] [DEBUG] ############### getProduct ############### 
main> [2017-12-29 11:39:52] [FirstAspect] [27] [DEBUG] affter ---> 메서드 호출 후 
main> [2017-12-29 11:39:52] [FirstAspect] [28] [DEBUG] affter ---> 메서드 호출 후 
main> [2017-12-29 11:39:52] [FirstAspect] [29] [DEBUG] affter ---> 메서드 호출 후 
main> [2017-12-29 11:39:52] [FirstAspect] [51] [DEBUG] around ---> 메서드 호출 후 
main> [2017-12-29 11:39:52] [FirstAspect] [52] [DEBUG] around ---> 메서드 호출 후 
main> [2017-12-29 11:39:52] [FirstAspect] [53] [DEBUG] around ---> 메서드 호출 후 
main> [2017-12-29 11:39:57] [ClassPathXmlApplicationContext] [514] [INFO] Refreshing org.springframework.context.support.ClassPathXmlApplicationContext@1198b989: startup date [Fri Dec 29 11:39:57 KST 2017]; root of context hierarchy 
main> [2017-12-29 11:39:57] [XmlBeanDefinitionReader] [317] [INFO] Loading XML bean definitions from class path resource [aop.xml] 
main> [2017-12-29 11:39:57] [AutowiredAnnotationBeanPostProcessor] [153] [INFO] JSR-330 'javax.inject.Inject' annotation found and supported for autowiring 
main> [2017-12-29 11:39:57] [RequestMappingHandlerAdapter] [517] [INFO] Looking for @ControllerAdvice: org.springframework.context.support.ClassPathXmlApplicationContext@1198b989: startup date [Fri Dec 29 11:39:57 KST 2017]; root of context hierarchy 
main> [2017-12-29 11:39:57] [RequestMappingHandlerAdapter] [517] [INFO] Looking for @ControllerAdvice: org.springframework.context.support.ClassPathXmlApplicationContext@1198b989: startup date [Fri Dec 29 11:39:57 KST 2017]; root of context hierarchy 
main> [2017-12-29 11:39:57] [AspectJAwareAdvisorAutoProxyCreator] [505] [DEBUG] Creating implicit proxy for bean 'svrprod' with 0 common interceptors and 6 specific interceptors 
main> [2017-12-29 11:39:57] [JdkDynamicAopProxy] [117] [DEBUG] Creating JDK dynamic proxy: target source is SingletonTargetSource for target object [service.ServiceProduct@3a7b503d] 
main> [2017-12-29 11:39:57] [FirstAspect] [45] [DEBUG] around ---> 메서드 호출 전 
main> [2017-12-29 11:39:57] [FirstAspect] [46] [DEBUG] around ---> 메서드 호출 전 
main> [2017-12-29 11:39:57] [FirstAspect] [47] [DEBUG] around ---> 메서드 호출 전 
main> [2017-12-29 11:39:57] [FirstAspect] [17] [DEBUG] before ---> 메서드 호출되기 전 
main> [2017-12-29 11:39:57] [FirstAspect] [20] [DEBUG] before ---> 호출되는 메서드는 getProduct 
main> [2017-12-29 11:39:57] [FirstAspect] [21] [DEBUG] before ---> 매개변수는[Ljava.lang.Object;@5af5def9 
main> [2017-12-29 11:39:57] [DaoProduct] [18] [DEBUG] ############### getProduct ############### 
main> [2017-12-29 11:39:57] [DaoProduct] [19] [DEBUG] ModelProduct [name=bbb, price=1000] 
main> [2017-12-29 11:39:57] [DaoProduct] [20] [DEBUG] ############### getProduct ############### 
main> [2017-12-29 11:39:57] [FirstAspect] [27] [DEBUG] affter ---> 메서드 호출 후 
main> [2017-12-29 11:39:57] [FirstAspect] [28] [DEBUG] affter ---> 메서드 호출 후 
main> [2017-12-29 11:39:57] [FirstAspect] [29] [DEBUG] affter ---> 메서드 호출 후 
main> [2017-12-29 11:39:57] [FirstAspect] [37] [DEBUG] afterReturning ---> 메서드 호출 후 
main> [2017-12-29 11:39:57] [FirstAspect] [38] [DEBUG] afterReturning ---> 호출되는 메서드는 getProduct 
main> [2017-12-29 11:39:57] [FirstAspect] [39] [DEBUG] afterReturning ---> 매개변수는 [Ljava.lang.Object;@5af5def9 
main> [2017-12-29 11:39:57] [FirstAspect] [51] [DEBUG] around ---> 메서드 호출 후 
main> [2017-12-29 11:39:57] [FirstAspect] [52] [DEBUG] around ---> 메서드 호출 후 
main> [2017-12-29 11:39:57] [FirstAspect] [53] [DEBUG] around ---> 메서드 호출 후 
main> [2017-12-29 11:40:54] [ClassPathXmlApplicationContext] [514] [INFO] Refreshing org.springframework.context.support.ClassPathXmlApplicationContext@1198b989: startup date [Fri Dec 29 11:40:54 KST 2017]; root of context hierarchy 
main> [2017-12-29 11:40:54] [XmlBeanDefinitionReader] [317] [INFO] Loading XML bean definitions from class path resource [aop.xml] 
main> [2017-12-29 11:40:54] [AutowiredAnnotationBeanPostProcessor] [153] [INFO] JSR-330 'javax.inject.Inject' annotation found and supported for autowiring 
main> [2017-12-29 11:40:54] [RequestMappingHandlerAdapter] [517] [INFO] Looking for @ControllerAdvice: org.springframework.context.support.ClassPathXmlApplicationContext@1198b989: startup date [Fri Dec 29 11:40:54 KST 2017]; root of context hierarchy 
main> [2017-12-29 11:40:54] [RequestMappingHandlerAdapter] [517] [INFO] Looking for @ControllerAdvice: org.springframework.context.support.ClassPathXmlApplicationContext@1198b989: startup date [Fri Dec 29 11:40:54 KST 2017]; root of context hierarchy 
main> [2017-12-29 11:40:55] [AspectJAwareAdvisorAutoProxyCreator] [505] [DEBUG] Creating implicit proxy for bean 'svrprod' with 0 common interceptors and 6 specific interceptors 
main> [2017-12-29 11:40:55] [JdkDynamicAopProxy] [117] [DEBUG] Creating JDK dynamic proxy: target source is SingletonTargetSource for target object [service.ServiceProduct@6a175569] 
main> [2017-12-29 11:40:55] [FirstAspect] [45] [DEBUG] around ---> 메서드 호출 전 
main> [2017-12-29 11:40:55] [FirstAspect] [46] [DEBUG] around ---> 메서드 호출 전 
main> [2017-12-29 11:40:55] [FirstAspect] [47] [DEBUG] around ---> 메서드 호출 전 
main> [2017-12-29 11:40:55] [FirstAspect] [17] [DEBUG] before ---> 메서드 호출되기 전 
main> [2017-12-29 11:40:55] [FirstAspect] [20] [DEBUG] before ---> 호출되는 메서드는 getException 
main> [2017-12-29 11:40:55] [FirstAspect] [21] [DEBUG] before ---> 매개변수는[Ljava.lang.Object;@1c65121 
main> [2017-12-29 11:40:55] [DaoProduct] [29] [DEBUG] ############### getProduct ############### 
main> [2017-12-29 11:40:55] [DaoProduct] [30] [DEBUG] ModelProduct [name=bbb, price=1000] 
main> [2017-12-29 11:40:55] [DaoProduct] [31] [DEBUG] ############### getProduct ############### 
main> [2017-12-29 11:40:55] [FirstAspect] [27] [DEBUG] affter ---> 메서드 호출 후 
main> [2017-12-29 11:40:55] [FirstAspect] [28] [DEBUG] affter ---> 메서드 호출 후 
main> [2017-12-29 11:40:55] [FirstAspect] [29] [DEBUG] affter ---> 메서드 호출 후 
main> [2017-12-29 11:40:55] [FirstAspect] [60] [DEBUG] afterThrowing ---> 메서드 실행 중 예외 발생시 
main> [2017-12-29 11:40:55] [FirstAspect] [61] [DEBUG] afterThrowing ---> Exception value make an error 
main> [2017-12-29 11:40:55] [FirstAspect] [62] [DEBUG] afterThrowing ---> 메서드 실행 중 예외 발생시 
